2016/04/02 10:22:08 [error] [exception.CHttpException.404] exception 'CHttpException' with message 'Unable to resolve the request "gii".' in E:\phpstudy\WWW\yii\framework\web\CWebApplication.php:286
Stack trace:
#0 E:\phpstudy\WWW\yii\framework\web\CWebApplication.php(141): CWebApplication->runController('gii')
#1 E:\phpstudy\WWW\yii\framework\base\CApplication.php(185): CWebApplication->processRequest()
#2 E:\phpstudy\WWW\yii\lawfirm\index.php(13): CApplication->run()
#3 {main}
REQUEST_URI=/yii/lawfirm/index.php/gii
---
2016/04/02 10:22:48 [error] [exception.CHttpException.404] exception 'CHttpException' with message 'Unable to resolve the request "g".' in E:\phpstudy\WWW\yii\framework\web\CWebApplication.php:286
Stack trace:
#0 E:\phpstudy\WWW\yii\framework\web\CWebApplication.php(141): CWebApplication->runController('g')
#1 E:\phpstudy\WWW\yii\framework\base\CApplication.php(185): CWebApplication->processRequest()
#2 E:\phpstudy\WWW\yii\lawfirm\index.php(13): CApplication->run()
#3 {main}
REQUEST_URI=/yii/lawfirm/index.php/g
---
2016/04/02 10:52:47 [error] [exception.CHttpException.404] exception 'CHttpException' with message 'Unable to resolve the request "gii".' in E:\phpstudy\WWW\yii\framework\web\CWebApplication.php:286
Stack trace:
#0 E:\phpstudy\WWW\yii\framework\web\CWebApplication.php(141): CWebApplication->runController('gii')
#1 E:\phpstudy\WWW\yii\framework\base\CApplication.php(185): CWebApplication->processRequest()
#2 E:\phpstudy\WWW\yii\lawfirm\index.php(13): CApplication->run()
#3 {main}
REQUEST_URI=/yii/lawfirm/index.php/gii
---
2016/04/02 15:29:51 [error] [system.db.CDbCommand] CDbCommand::fetchAll() failed: SQLSTATE[42S02]: Base table or view not found: 1146 Table 'gz_lawfirm.cf_user' doesn't exist. The SQL statement executed was: SHOW FULL COLUMNS FROM `cf_user`.
in E:\phpstudy\WWW\yii\lawfirm\protected\modules\admin\views\user\index.php (20)
in E:\phpstudy\WWW\yii\lawfirm\protected\modules\admin\controllers\UserController.php (130)
in E:\phpstudy\WWW\yii\lawfirm\index.php (13)
2016/04/02 15:29:51 [error] [exception.CDbException] exception 'CDbException' with message 'The table "cf_user" for active record class "User" cannot be found in the database.' in E:\phpstudy\WWW\yii\framework\db\ar\CActiveRecord.php:2387
Stack trace:
#0 E:\phpstudy\WWW\yii\framework\db\ar\CActiveRecord.php(411): CActiveRecordMetaData->__construct(Object(User))
#1 E:\phpstudy\WWW\yii\framework\db\ar\CActiveRecord.php(661): CActiveRecord->getMetaData()
#2 E:\phpstudy\WWW\yii\framework\db\ar\CActiveRecord.php(1606): CActiveRecord->getTableSchema()
#3 E:\phpstudy\WWW\yii\framework\web\CActiveDataProvider.php(228): CActiveRecord->count(Object(CDbCriteria))
#4 E:\phpstudy\WWW\yii\framework\web\CDataProvider.php(224): CActiveDataProvider->calculateTotalItemCount()
#5 E:\phpstudy\WWW\yii\framework\web\CActiveDataProvider.php(178): CDataProvider->getTotalItemCount()
#6 E:\phpstudy\WWW\yii\framework\web\CDataProvider.php(168): CActiveDataProvider->fetchData()
#7 E:\phpstudy\WWW\yii\framework\zii\widgets\CBaseListView.php(125): CDataProvider->getData()
#8 E:\phpstudy\WWW\yii\framework\zii\widgets\CListView.php(211): CBaseListView->init()
#9 E:\phpstudy\WWW\yii\framework\web\CBaseController.php(147): CListView->init()
#10 E:\phpstudy\WWW\yii\framework\web\CBaseController.php(180): CBaseController->createWidget('zii.widgets.CLi...', Array)
#11 E:\phpstudy\WWW\yii\lawfirm\protected\modules\admin\views\user\index.php(20): CBaseController->widget('zii.widgets.CLi...', Array)
#12 E:\phpstudy\WWW\yii\framework\web\CBaseController.php(126): require('E:\\phpstudy\\WWW...')
#13 E:\phpstudy\WWW\yii\framework\web\CBaseController.php(95): CBaseController->renderInternal('E:\\phpstudy\\WWW...', Array, true)
#14 E:\phpstudy\WWW\yii\framework\web\CController.php(869): CBaseController->renderFile('E:\\phpstudy\\WWW...', Array, true)
#15 E:\phpstudy\WWW\yii\framework\web\CController.php(782): CController->renderPartial('index', Array, true)
#16 E:\phpstudy\WWW\yii\lawfirm\protected\modules\admin\controllers\UserController.php(130): CController->render('index', Array)
#17 E:\phpstudy\WWW\yii\framework\web\actions\CInlineAction.php(49): UserController->actionIndex()
#18 E:\phpstudy\WWW\yii\framework\web\CController.php(308): CInlineAction->runWithParams(Array)
#19 E:\phpstudy\WWW\yii\framework\web\filters\CFilterChain.php(133): CController->runAction(Object(CInlineAction))
#20 E:\phpstudy\WWW\yii\framework\web\filters\CFilter.php(40): CFilterChain->run()
#21 E:\phpstudy\WWW\yii\framework\web\CController.php(1145): CFilter->filter(Object(CFilterChain))
#22 E:\phpstudy\WWW\yii\framework\web\filters\CInlineFilter.php(58): CController->filterAccessControl(Object(CFilterChain))
#23 E:\phpstudy\WWW\yii\framework\web\filters\CFilterChain.php(130): CInlineFilter->filter(Object(CFilterChain))
#24 E:\phpstudy\WWW\yii\framework\web\CController.php(291): CFilterChain->run()
#25 E:\phpstudy\WWW\yii\framework\web\CController.php(265): CController->runActionWithFilters(Object(CInlineAction), Array)
#26 E:\phpstudy\WWW\yii\framework\web\CWebApplication.php(282): CController->run('')
#27 E:\phpstudy\WWW\yii\framework\web\CWebApplication.php(141): CWebApplication->runController('admin/user')
#28 E:\phpstudy\WWW\yii\framework\base\CApplication.php(185): CWebApplication->processRequest()
#29 E:\phpstudy\WWW\yii\lawfirm\index.php(13): CApplication->run()
#30 {main}
REQUEST_URI=/yii/lawfirm/admin/user
---
2016/04/02 15:33:01 [error] [exception.CException] exception 'CException' with message 'Property "User.uid" is not defined.' in E:\phpstudy\WWW\yii\framework\base\CComponent.php:130
Stack trace:
#0 E:\phpstudy\WWW\yii\framework\db\ar\CActiveRecord.php(145): CComponent->__get('uid')
#1 E:\phpstudy\WWW\yii\lawfirm\protected\modules\admin\views\user\_view.php(9): CActiveRecord->__get('uid')
#2 E:\phpstudy\WWW\yii\framework\web\CBaseController.php(130): require('E:\\phpstudy\\WWW...')
#3 E:\phpstudy\WWW\yii\framework\web\CBaseController.php(95): CBaseController->renderInternal('E:\\phpstudy\\WWW...', Array, false)
#4 E:\phpstudy\WWW\yii\framework\zii\widgets\CListView.php(291): CBaseController->renderFile('E:\\phpstudy\\WWW...', Array)
#5 E:\phpstudy\WWW\yii\framework\zii\widgets\CBaseListView.php(181): CListView->renderItems()
#6 [internal function]: CBaseListView->renderSection(Array)
#7 E:\phpstudy\WWW\yii\framework\zii\widgets\CBaseListView.php(164): preg_replace_callback('/{(\\w+)}/', Array, '{summary}\n{sort...')
#8 E:\phpstudy\WWW\yii\framework\zii\widgets\CBaseListView.php(149): CBaseListView->renderContent()
#9 E:\phpstudy\WWW\yii\framework\web\CBaseController.php(181): CBaseListView->run()
#10 E:\phpstudy\WWW\yii\lawfirm\protected\modules\admin\views\user\index.php(20): CBaseController->widget('zii.widgets.CLi...', Array)
#11 E:\phpstudy\WWW\yii\framework\web\CBaseController.php(126): require('E:\\phpstudy\\WWW...')
#12 E:\phpstudy\WWW\yii\framework\web\CBaseController.php(95): CBaseController->renderInternal('E:\\phpstudy\\WWW...', Array, true)
#13 E:\phpstudy\WWW\yii\framework\web\CController.php(869): CBaseController->renderFile('E:\\phpstudy\\WWW...', Array, true)
#14 E:\phpstudy\WWW\yii\framework\web\CController.php(782): CController->renderPartial('index', Array, true)
#15 E:\phpstudy\WWW\yii\lawfirm\protected\modules\admin\controllers\UserController.php(130): CController->render('index', Array)
#16 E:\phpstudy\WWW\yii\framework\web\actions\CInlineAction.php(49): UserController->actionIndex()
#17 E:\phpstudy\WWW\yii\framework\web\CController.php(308): CInlineAction->runWithParams(Array)
#18 E:\phpstudy\WWW\yii\framework\web\filters\CFilterChain.php(133): CController->runAction(Object(CInlineAction))
#19 E:\phpstudy\WWW\yii\framework\web\filters\CFilter.php(40): CFilterChain->run()
#20 E:\phpstudy\WWW\yii\framework\web\CController.php(1145): CFilter->filter(Object(CFilterChain))
#21 E:\phpstudy\WWW\yii\framework\web\filters\CInlineFilter.php(58): CController->filterAccessControl(Object(CFilterChain))
#22 E:\phpstudy\WWW\yii\framework\web\filters\CFilterChain.php(130): CInlineFilter->filter(Object(CFilterChain))
#23 E:\phpstudy\WWW\yii\framework\web\CController.php(291): CFilterChain->run()
#24 E:\phpstudy\WWW\yii\framework\web\CController.php(265): CController->runActionWithFilters(Object(CInlineAction), Array)
#25 E:\phpstudy\WWW\yii\framework\web\CWebApplication.php(282): CController->run('')
#26 E:\phpstudy\WWW\yii\framework\web\CWebApplication.php(141): CWebApplication->runController('admin/user')
#27 E:\phpstudy\WWW\yii\framework\base\CApplication.php(185): CWebApplication->processRequest()
#28 E:\phpstudy\WWW\yii\lawfirm\index.php(13): CApplication->run()
#29 {main}
REQUEST_URI=/yii/lawfirm/admin/user
---
2016/04/02 15:34:03 [error] [exception.CHttpException.404] exception 'CHttpException' with message 'The system is unable to find the requested action "create".' in E:\phpstudy\WWW\yii\framework\web\CController.php:483
Stack trace:
#0 E:\phpstudy\WWW\yii\framework\web\CController.php(270): CController->missingAction('create')
#1 E:\phpstudy\WWW\yii\framework\web\CWebApplication.php(282): CController->run('create')
#2 E:\phpstudy\WWW\yii\framework\web\CWebApplication.php(141): CWebApplication->runController('admin/user/crea...')
#3 E:\phpstudy\WWW\yii\framework\base\CApplication.php(185): CWebApplication->processRequest()
#4 E:\phpstudy\WWW\yii\lawfirm\index.php(13): CApplication->run()
#5 {main}
REQUEST_URI=/yii/lawfirm/admin/user/create
---
2016/04/02 15:48:55 [error] [exception.CException] exception 'CException' with message 'Property "User.power" is not defined.' in E:\phpstudy\WWW\yii\framework\base\CComponent.php:130
Stack trace:
#0 E:\phpstudy\WWW\yii\framework\db\ar\CActiveRecord.php(145): CComponent->__get('power')
#1 E:\phpstudy\WWW\yii\lawfirm\protected\modules\admin\views\user\_view.php(25): CActiveRecord->__get('power')
#2 E:\phpstudy\WWW\yii\framework\web\CBaseController.php(130): require('E:\\phpstudy\\WWW...')
#3 E:\phpstudy\WWW\yii\framework\web\CBaseController.php(95): CBaseController->renderInternal('E:\\phpstudy\\WWW...', Array, false)
#4 E:\phpstudy\WWW\yii\framework\zii\widgets\CListView.php(291): CBaseController->renderFile('E:\\phpstudy\\WWW...', Array)
#5 E:\phpstudy\WWW\yii\framework\zii\widgets\CBaseListView.php(181): CListView->renderItems()
#6 [internal function]: CBaseListView->renderSection(Array)
#7 E:\phpstudy\WWW\yii\framework\zii\widgets\CBaseListView.php(164): preg_replace_callback('/{(\\w+)}/', Array, '{summary}\n{sort...')
#8 E:\phpstudy\WWW\yii\framework\zii\widgets\CBaseListView.php(149): CBaseListView->renderContent()
#9 E:\phpstudy\WWW\yii\framework\web\CBaseController.php(181): CBaseListView->run()
#10 E:\phpstudy\WWW\yii\lawfirm\protected\modules\admin\views\user\index.php(20): CBaseController->widget('zii.widgets.CLi...', Array)
#11 E:\phpstudy\WWW\yii\framework\web\CBaseController.php(126): require('E:\\phpstudy\\WWW...')
#12 E:\phpstudy\WWW\yii\framework\web\CBaseController.php(95): CBaseController->renderInternal('E:\\phpstudy\\WWW...', Array, true)
#13 E:\phpstudy\WWW\yii\framework\web\CController.php(869): CBaseController->renderFile('E:\\phpstudy\\WWW...', Array, true)
#14 E:\phpstudy\WWW\yii\framework\web\CController.php(782): CController->renderPartial('index', Array, true)
#15 E:\phpstudy\WWW\yii\lawfirm\protected\modules\admin\controllers\UserController.php(131): CController->render('index', Array)
#16 E:\phpstudy\WWW\yii\framework\web\actions\CInlineAction.php(49): UserController->actionIndex()
#17 E:\phpstudy\WWW\yii\framework\web\CController.php(308): CInlineAction->runWithParams(Array)
#18 E:\phpstudy\WWW\yii\framework\web\filters\CFilterChain.php(133): CController->runAction(Object(CInlineAction))
#19 E:\phpstudy\WWW\yii\framework\web\filters\CFilter.php(40): CFilterChain->run()
#20 E:\phpstudy\WWW\yii\framework\web\CController.php(1145): CFilter->filter(Object(CFilterChain))
#21 E:\phpstudy\WWW\yii\framework\web\filters\CInlineFilter.php(58): CController->filterAccessControl(Object(CFilterChain))
#22 E:\phpstudy\WWW\yii\framework\web\filters\CFilterChain.php(130): CInlineFilter->filter(Object(CFilterChain))
#23 E:\phpstudy\WWW\yii\framework\web\CController.php(291): CFilterChain->run()
#24 E:\phpstudy\WWW\yii\framework\web\CController.php(265): CController->runActionWithFilters(Object(CInlineAction), Array)
#25 E:\phpstudy\WWW\yii\framework\web\CWebApplication.php(282): CController->run('')
#26 E:\phpstudy\WWW\yii\framework\web\CWebApplication.php(141): CWebApplication->runController('admin/user')
#27 E:\phpstudy\WWW\yii\framework\base\CApplication.php(185): CWebApplication->processRequest()
#28 E:\phpstudy\WWW\yii\lawfirm\index.php(13): CApplication->run()
#29 {main}
REQUEST_URI=/yii/lawfirm/admin/user
---
2016/04/02 15:50:02 [error] [exception.CException] exception 'CException' with message 'Property "User.power" is not defined.' in E:\phpstudy\WWW\yii\framework\base\CComponent.php:130
Stack trace:
#0 E:\phpstudy\WWW\yii\framework\db\ar\CActiveRecord.php(145): CComponent->__get('power')
#1 E:\phpstudy\WWW\yii\lawfirm\protected\models\User.php(89): CActiveRecord->__get('power')
#2 E:\phpstudy\WWW\yii\lawfirm\protected\modules\admin\views\user\admin.php(45): User->search()
#3 E:\phpstudy\WWW\yii\framework\web\CBaseController.php(126): require('E:\\phpstudy\\WWW...')
#4 E:\phpstudy\WWW\yii\framework\web\CBaseController.php(95): CBaseController->renderInternal('E:\\phpstudy\\WWW...', Array, true)
#5 E:\phpstudy\WWW\yii\framework\web\CController.php(869): CBaseController->renderFile('E:\\phpstudy\\WWW...', Array, true)
#6 E:\phpstudy\WWW\yii\framework\web\CController.php(782): CController->renderPartial('admin', Array, true)
#7 E:\phpstudy\WWW\yii\lawfirm\protected\modules\admin\controllers\UserController.php(145): CController->render('admin', Array)
#8 E:\phpstudy\WWW\yii\framework\web\actions\CInlineAction.php(49): UserController->actionAdmin()
#9 E:\phpstudy\WWW\yii\framework\web\CController.php(308): CInlineAction->runWithParams(Array)
#10 E:\phpstudy\WWW\yii\framework\web\filters\CFilterChain.php(133): CController->runAction(Object(CInlineAction))
#11 E:\phpstudy\WWW\yii\framework\web\filters\CFilter.php(40): CFilterChain->run()
#12 E:\phpstudy\WWW\yii\framework\web\CController.php(1145): CFilter->filter(Object(CFilterChain))
#13 E:\phpstudy\WWW\yii\framework\web\filters\CInlineFilter.php(58): CController->filterAccessControl(Object(CFilterChain))
#14 E:\phpstudy\WWW\yii\framework\web\filters\CFilterChain.php(130): CInlineFilter->filter(Object(CFilterChain))
#15 E:\phpstudy\WWW\yii\framework\web\CController.php(291): CFilterChain->run()
#16 E:\phpstudy\WWW\yii\framework\web\CController.php(265): CController->runActionWithFilters(Object(CInlineAction), Array)
#17 E:\phpstudy\WWW\yii\framework\web\CWebApplication.php(282): CController->run('admin')
#18 E:\phpstudy\WWW\yii\framework\web\CWebApplication.php(141): CWebApplication->runController('admin/user/admi...')
#19 E:\phpstudy\WWW\yii\framework\base\CApplication.php(185): CWebApplication->processRequest()
#20 E:\phpstudy\WWW\yii\lawfirm\index.php(13): CApplication->run()
#21 {main}
REQUEST_URI=/yii/lawfirm/index.php/admin/user/admin
HTTP_REFERER=http://localhost/yii/lawfirm/admin/user
---
2016/04/02 15:50:46 [error] [exception.CException] exception 'CException' with message 'Property "User.power" is not defined.' in E:\phpstudy\WWW\yii\framework\base\CComponent.php:130
Stack trace:
#0 E:\phpstudy\WWW\yii\framework\db\ar\CActiveRecord.php(145): CComponent->__get('power')
#1 E:\phpstudy\WWW\yii\lawfirm\protected\models\User.php(89): CActiveRecord->__get('power')
#2 E:\phpstudy\WWW\yii\lawfirm\protected\modules\admin\views\user\admin.php(45): User->search()
#3 E:\phpstudy\WWW\yii\framework\web\CBaseController.php(126): require('E:\\phpstudy\\WWW...')
#4 E:\phpstudy\WWW\yii\framework\web\CBaseController.php(95): CBaseController->renderInternal('E:\\phpstudy\\WWW...', Array, true)
#5 E:\phpstudy\WWW\yii\framework\web\CController.php(869): CBaseController->renderFile('E:\\phpstudy\\WWW...', Array, true)
#6 E:\phpstudy\WWW\yii\framework\web\CController.php(782): CController->renderPartial('admin', Array, true)
#7 E:\phpstudy\WWW\yii\lawfirm\protected\modules\admin\controllers\UserController.php(145): CController->render('admin', Array)
#8 E:\phpstudy\WWW\yii\framework\web\actions\CInlineAction.php(49): UserController->actionAdmin()
#9 E:\phpstudy\WWW\yii\framework\web\CController.php(308): CInlineAction->runWithParams(Array)
#10 E:\phpstudy\WWW\yii\framework\web\filters\CFilterChain.php(133): CController->runAction(Object(CInlineAction))
#11 E:\phpstudy\WWW\yii\framework\web\filters\CFilter.php(40): CFilterChain->run()
#12 E:\phpstudy\WWW\yii\framework\web\CController.php(1145): CFilter->filter(Object(CFilterChain))
#13 E:\phpstudy\WWW\yii\framework\web\filters\CInlineFilter.php(58): CController->filterAccessControl(Object(CFilterChain))
#14 E:\phpstudy\WWW\yii\framework\web\filters\CFilterChain.php(130): CInlineFilter->filter(Object(CFilterChain))
#15 E:\phpstudy\WWW\yii\framework\web\CController.php(291): CFilterChain->run()
#16 E:\phpstudy\WWW\yii\framework\web\CController.php(265): CController->runActionWithFilters(Object(CInlineAction), Array)
#17 E:\phpstudy\WWW\yii\framework\web\CWebApplication.php(282): CController->run('admin')
#18 E:\phpstudy\WWW\yii\framework\web\CWebApplication.php(141): CWebApplication->runController('admin/user/admi...')
#19 E:\phpstudy\WWW\yii\framework\base\CApplication.php(185): CWebApplication->processRequest()
#20 E:\phpstudy\WWW\yii\lawfirm\index.php(13): CApplication->run()
#21 {main}
REQUEST_URI=/yii/lawfirm/index.php/admin/user/admin
HTTP_REFERER=http://localhost/yii/lawfirm/admin/user
---
2016/04/02 16:07:43 [error] [exception.CHttpException.404] exception 'CHttpException' with message 'The system is unable to find the requested action "admin".' in E:\phpstudy\WWW\yii\framework\web\CController.php:483
Stack trace:
#0 E:\phpstudy\WWW\yii\framework\web\CController.php(270): CController->missingAction('admin')
#1 E:\phpstudy\WWW\yii\framework\web\CWebApplication.php(282): CController->run('admin')
#2 E:\phpstudy\WWW\yii\framework\web\CWebApplication.php(141): CWebApplication->runController('admin/user/admi...')
#3 E:\phpstudy\WWW\yii\framework\base\CApplication.php(185): CWebApplication->processRequest()
#4 E:\phpstudy\WWW\yii\lawfirm\index.php(13): CApplication->run()
#5 {main}
REQUEST_URI=/yii/lawfirm/index.php/admin/user/admin
HTTP_REFERER=http://localhost/yii/lawfirm/index.php/admin/user/create
---
2016/04/02 16:07:50 [error] [exception.CHttpException.404] exception 'CHttpException' with message 'The system is unable to find the requested action "admin".' in E:\phpstudy\WWW\yii\framework\web\CController.php:483
Stack trace:
#0 E:\phpstudy\WWW\yii\framework\web\CController.php(270): CController->missingAction('admin')
#1 E:\phpstudy\WWW\yii\framework\web\CWebApplication.php(282): CController->run('admin')
#2 E:\phpstudy\WWW\yii\framework\web\CWebApplication.php(141): CWebApplication->runController('admin/user/admi...')
#3 E:\phpstudy\WWW\yii\framework\base\CApplication.php(185): CWebApplication->processRequest()
#4 E:\phpstudy\WWW\yii\lawfirm\index.php(13): CApplication->run()
#5 {main}
REQUEST_URI=/yii/lawfirm/index.php/admin/user/admin
HTTP_REFERER=http://localhost/yii/lawfirm/index.php/admin/user/create
---
2016/04/02 16:07:54 [error] [exception.CHttpException.404] exception 'CHttpException' with message 'The system is unable to find the requested action "admin".' in E:\phpstudy\WWW\yii\framework\web\CController.php:483
Stack trace:
#0 E:\phpstudy\WWW\yii\framework\web\CController.php(270): CController->missingAction('admin')
#1 E:\phpstudy\WWW\yii\framework\web\CWebApplication.php(282): CController->run('admin')
#2 E:\phpstudy\WWW\yii\framework\web\CWebApplication.php(141): CWebApplication->runController('admin/user/admi...')
#3 E:\phpstudy\WWW\yii\framework\base\CApplication.php(185): CWebApplication->processRequest()
#4 E:\phpstudy\WWW\yii\lawfirm\index.php(13): CApplication->run()
#5 {main}
REQUEST_URI=/yii/lawfirm/index.php/admin/user/admin
HTTP_REFERER=http://localhost/yii/lawfirm/index.php/admin/user/create
---
2016/04/02 16:07:55 [error] [exception.CHttpException.404] exception 'CHttpException' with message 'The system is unable to find the requested action "admin".' in E:\phpstudy\WWW\yii\framework\web\CController.php:483
Stack trace:
#0 E:\phpstudy\WWW\yii\framework\web\CController.php(270): CController->missingAction('admin')
#1 E:\phpstudy\WWW\yii\framework\web\CWebApplication.php(282): CController->run('admin')
#2 E:\phpstudy\WWW\yii\framework\web\CWebApplication.php(141): CWebApplication->runController('admin/user/admi...')
#3 E:\phpstudy\WWW\yii\framework\base\CApplication.php(185): CWebApplication->processRequest()
#4 E:\phpstudy\WWW\yii\lawfirm\index.php(13): CApplication->run()
#5 {main}
REQUEST_URI=/yii/lawfirm/index.php/admin/user/admin
HTTP_REFERER=http://localhost/yii/lawfirm/index.php/admin/user/create
---
2016/04/02 16:25:23 [error] [exception.CException] exception 'CException' with message 'Property "User.power" is not defined.' in E:\phpstudy\WWW\yii\framework\base\CComponent.php:130
Stack trace:
#0 E:\phpstudy\WWW\yii\framework\db\ar\CActiveRecord.php(145): CComponent->__get('power')
#1 E:\phpstudy\WWW\yii\framework\validators\CRequiredValidator.php(58): CActiveRecord->__get('power')
#2 E:\phpstudy\WWW\yii\framework\validators\CValidator.php(201): CRequiredValidator->validateAttribute(Object(User), 'power')
#3 E:\phpstudy\WWW\yii\framework\base\CModel.php(159): CValidator->validate(Object(User), NULL)
#4 E:\phpstudy\WWW\yii\framework\db\ar\CActiveRecord.php(808): CModel->validate(NULL)
#5 E:\phpstudy\WWW\yii\lawfirm\protected\modules\admin\controllers\UserController.php(75): CActiveRecord->save()
#6 E:\phpstudy\WWW\yii\framework\web\actions\CInlineAction.php(49): UserController->actionCreate()
#7 E:\phpstudy\WWW\yii\framework\web\CController.php(308): CInlineAction->runWithParams(Array)
#8 E:\phpstudy\WWW\yii\framework\web\filters\CFilterChain.php(133): CController->runAction(Object(CInlineAction))
#9 E:\phpstudy\WWW\yii\framework\web\filters\CFilter.php(40): CFilterChain->run()
#10 E:\phpstudy\WWW\yii\framework\web\CController.php(1145): CFilter->filter(Object(CFilterChain))
#11 E:\phpstudy\WWW\yii\framework\web\filters\CInlineFilter.php(58): CController->filterAccessControl(Object(CFilterChain))
#12 E:\phpstudy\WWW\yii\framework\web\filters\CFilterChain.php(130): CInlineFilter->filter(Object(CFilterChain))
#13 E:\phpstudy\WWW\yii\framework\web\CController.php(291): CFilterChain->run()
#14 E:\phpstudy\WWW\yii\framework\web\CController.php(265): CController->runActionWithFilters(Object(CInlineAction), Array)
#15 E:\phpstudy\WWW\yii\framework\web\CWebApplication.php(282): CController->run('create')
#16 E:\phpstudy\WWW\yii\framework\web\CWebApplication.php(141): CWebApplication->runController('admin/user/crea...')
#17 E:\phpstudy\WWW\yii\framework\base\CApplication.php(185): CWebApplication->processRequest()
#18 E:\phpstudy\WWW\yii\lawfirm\index.php(13): CApplication->run()
#19 {main}
REQUEST_URI=/yii/lawfirm/index.php/admin/user/create
HTTP_REFERER=http://localhost/yii/lawfirm/index.php/admin/user/create
---
2016/04/02 17:39:00 [warning] [application] Failed to set unsafe attribute "id" of "User".
in E:\phpstudy\WWW\yii\lawfirm\protected\modules\admin\controllers\UserController.php (135)
in E:\phpstudy\WWW\yii\lawfirm\index.php (13)
2016/04/02 17:39:03 [warning] [application] Failed to set unsafe attribute "id" of "User".
in E:\phpstudy\WWW\yii\lawfirm\protected\modules\admin\controllers\UserController.php (135)
in E:\phpstudy\WWW\yii\lawfirm\index.php (13)
2016/04/03 13:01:45 [error] [exception.CException] exception 'CException' with message 'Property "User.是否通过审核" is not defined.' in E:\phpstudy\WWW\yii\framework\base\CComponent.php:130
Stack trace:
#0 E:\phpstudy\WWW\yii\framework\db\ar\CActiveRecord.php(145): CComponent->__get('\xE6\x98\xAF\xE5\x90\xA6\xE9\x80\x9A\xE8\xBF\x87\xE5\xAE\xA1...')
#1 E:\phpstudy\WWW\yii\framework\web\helpers\CHtml.php(2729): CActiveRecord->__get('\xE6\x98\xAF\xE5\x90\xA6\xE9\x80\x9A\xE8\xBF\x87\xE5\xAE\xA1...')
#2 E:\phpstudy\WWW\yii\framework\web\helpers\CHtml.php(2452): CHtml::resolveValue(Object(User), '\xE6\x98\xAF\xE5\x90\xA6\xE9\x80\x9A\xE8\xBF\x87\xE5\xAE\xA1...')
#3 E:\phpstudy\WWW\yii\framework\web\helpers\CHtml.php(1534): CHtml::activeInputField('text', Object(User), '\xE6\x98\xAF\xE5\x90\xA6\xE9\x80\x9A\xE8\xBF\x87\xE5\xAE\xA1...', Array)
#4 E:\phpstudy\WWW\yii\framework\zii\widgets\grid\CDataColumn.php(104): CHtml::activeTextField(Object(User), '\xE6\x98\xAF\xE5\x90\xA6\xE9\x80\x9A\xE8\xBF\x87\xE5\xAE\xA1...', Array)
#5 E:\phpstudy\WWW\yii\framework\zii\widgets\grid\CGridColumn.php(253): CDataColumn->getFilterCellContent()
#6 E:\phpstudy\WWW\yii\framework\zii\widgets\grid\CGridColumn.php(119): CGridColumn->renderFilterCellContent()
#7 E:\phpstudy\WWW\yii\framework\zii\widgets\grid\CGridView.php(538): CGridColumn->renderFilterCell()
#8 E:\phpstudy\WWW\yii\framework\zii\widgets\grid\CGridView.php(516): CGridView->renderFilter()
#9 E:\phpstudy\WWW\yii\framework\zii\widgets\grid\CGridView.php(486): CGridView->renderTableHeader()
#10 E:\phpstudy\WWW\yii\framework\zii\widgets\CBaseListView.php(181): CGridView->renderItems()
#11 [internal function]: CBaseListView->renderSection(Array)
#12 E:\phpstudy\WWW\yii\framework\zii\widgets\CBaseListView.php(164): preg_replace_callback('/{(\\w+)}/', Array, '{summary}\n{item...')
#13 E:\phpstudy\WWW\yii\framework\zii\widgets\CBaseListView.php(149): CBaseListView->renderContent()
#14 E:\phpstudy\WWW\yii\framework\web\CBaseController.php(181): CBaseListView->run()
#15 E:\phpstudy\WWW\yii\lawfirm\protected\modules\admin\views\user\admin.php(60): CBaseController->widget('zii.widgets.gri...', Array)
#16 E:\phpstudy\WWW\yii\framework\web\CBaseController.php(126): require('E:\\phpstudy\\WWW...')
#17 E:\phpstudy\WWW\yii\framework\web\CBaseController.php(95): CBaseController->renderInternal('E:\\phpstudy\\WWW...', Array, true)
#18 E:\phpstudy\WWW\yii\framework\web\CController.php(869): CBaseController->renderFile('E:\\phpstudy\\WWW...', Array, true)
#19 E:\phpstudy\WWW\yii\framework\web\CController.php(782): CController->renderPartial('admin', Array, true)
#20 E:\phpstudy\WWW\yii\lawfirm\protected\modules\admin\controllers\UserController.php(144): CController->render('admin', Array)
#21 E:\phpstudy\WWW\yii\framework\web\actions\CInlineAction.php(49): UserController->actionIndex()
#22 E:\phpstudy\WWW\yii\framework\web\CController.php(308): CInlineAction->runWithParams(Array)
#23 E:\phpstudy\WWW\yii\framework\web\filters\CFilterChain.php(133): CController->runAction(Object(CInlineAction))
#24 E:\phpstudy\WWW\yii\framework\web\filters\CFilter.php(40): CFilterChain->run()
#25 E:\phpstudy\WWW\yii\framework\web\CController.php(1145): CFilter->filter(Object(CFilterChain))
#26 E:\phpstudy\WWW\yii\framework\web\filters\CInlineFilter.php(58): CController->filterAccessControl(Object(CFilterChain))
#27 E:\phpstudy\WWW\yii\framework\web\filters\CFilterChain.php(130): CInlineFilter->filter(Object(CFilterChain))
#28 E:\phpstudy\WWW\yii\framework\web\CController.php(291): CFilterChain->run()
#29 E:\phpstudy\WWW\yii\framework\web\CController.php(265): CController->runActionWithFilters(Object(CInlineAction), Array)
#30 E:\phpstudy\WWW\yii\framework\web\CWebApplication.php(282): CController->run('index')
#31 E:\phpstudy\WWW\yii\framework\web\CWebApplication.php(141): CWebApplication->runController('admin/user/inde...')
#32 E:\phpstudy\WWW\yii\framework\base\CApplication.php(185): CWebApplication->processRequest()
#33 E:\phpstudy\WWW\yii\lawfirm\index.php(13): CApplication->run()
#34 {main}
REQUEST_URI=/yii/lawfirm/index.php/admin/user/index
---
2016/04/03 13:01:56 [error] [php] Undefined variable: model (E:\phpstudy\WWW\yii\framework\base\CComponent.php(612) : eval()'d code:1)
Stack trace:
#0 E:\phpstudy\WWW\yii\framework\zii\widgets\grid\CGridColumn.php(231): CDataColumn->getDataCellContent()
#1 E:\phpstudy\WWW\yii\framework\zii\widgets\grid\CGridColumn.php(154): CDataColumn->renderDataCellContent()
#2 E:\phpstudy\WWW\yii\framework\zii\widgets\grid\CGridView.php(638): CDataColumn->renderDataCell()
#3 E:\phpstudy\WWW\yii\framework\zii\widgets\grid\CGridView.php(622): CGridView->renderDataCell()
#4 E:\phpstudy\WWW\yii\framework\zii\widgets\grid\CGridView.php(578): CGridView->renderTableRow()
#5 E:\phpstudy\WWW\yii\framework\zii\widgets\grid\CGridView.php(488): CGridView->renderTableBody()
#6 E:\phpstudy\WWW\yii\framework\zii\widgets\CBaseListView.php(181): CGridView->renderItems()
#7 unknown(0): CGridView->renderSection()
#8 E:\phpstudy\WWW\yii\framework\zii\widgets\CBaseListView.php(164): preg_replace_callback()
#9 E:\phpstudy\WWW\yii\framework\zii\widgets\CBaseListView.php(149): CGridView->renderContent()
#10 E:\phpstudy\WWW\yii\framework\web\CBaseController.php(181): CGridView->run()
#11 E:\phpstudy\WWW\yii\lawfirm\protected\modules\admin\views\user\admin.php(60): UserController->widget()
#12 E:\phpstudy\WWW\yii\framework\web\CBaseController.php(126): require()
#13 E:\phpstudy\WWW\yii\framework\web\CBaseController.php(95): UserController->renderInternal()
#14 E:\phpstudy\WWW\yii\framework\web\CController.php(869): UserController->renderFile()
#15 E:\phpstudy\WWW\yii\framework\web\CController.php(782): UserController->renderPartial()
#16 E:\phpstudy\WWW\yii\lawfirm\protected\modules\admin\controllers\UserController.php(144): UserController->render()
#17 E:\phpstudy\WWW\yii\framework\web\actions\CInlineAction.php(49): UserController->actionIndex()
#18 E:\phpstudy\WWW\yii\framework\web\CController.php(308): CInlineAction->runWithParams()
#19 E:\phpstudy\WWW\yii\framework\web\filters\CFilterChain.php(133): UserController->runAction()
#20 E:\phpstudy\WWW\yii\framework\web\filters\CFilter.php(40): CFilterChain->run()
#21 E:\phpstudy\WWW\yii\framework\web\CController.php(1145): CAccessControlFilter->filter()
#22 E:\phpstudy\WWW\yii\framework\web\filters\CInlineFilter.php(58): UserController->filterAccessControl()
#23 E:\phpstudy\WWW\yii\framework\web\filters\CFilterChain.php(130): CInlineFilter->filter()
#24 E:\phpstudy\WWW\yii\framework\web\CController.php(291): CFilterChain->run()
#25 E:\phpstudy\WWW\yii\framework\web\CController.php(265): UserController->runActionWithFilters()
#26 E:\phpstudy\WWW\yii\framework\web\CWebApplication.php(282): UserController->run()
#27 E:\phpstudy\WWW\yii\framework\web\CWebApplication.php(141): CWebApplication->runController()
#28 E:\phpstudy\WWW\yii\framework\base\CApplication.php(185): CWebApplication->processRequest()
#29 E:\phpstudy\WWW\yii\lawfirm\index.php(13): CWebApplication->run()
REQUEST_URI=/yii/lawfirm/index.php/admin/user/index
in E:\phpstudy\WWW\yii\lawfirm\protected\modules\admin\views\user\admin.php (60)
in E:\phpstudy\WWW\yii\lawfirm\protected\modules\admin\controllers\UserController.php (144)
in E:\phpstudy\WWW\yii\lawfirm\index.php (13)
2016/04/03 13:02:36 [error] [php] Undefined variable: model (E:\phpstudy\WWW\yii\framework\base\CComponent.php(612) : eval()'d code:1)
Stack trace:
#0 E:\phpstudy\WWW\yii\framework\zii\widgets\grid\CGridColumn.php(231): CDataColumn->getDataCellContent()
#1 E:\phpstudy\WWW\yii\framework\zii\widgets\grid\CGridColumn.php(154): CDataColumn->renderDataCellContent()
#2 E:\phpstudy\WWW\yii\framework\zii\widgets\grid\CGridView.php(638): CDataColumn->renderDataCell()
#3 E:\phpstudy\WWW\yii\framework\zii\widgets\grid\CGridView.php(622): CGridView->renderDataCell()
#4 E:\phpstudy\WWW\yii\framework\zii\widgets\grid\CGridView.php(578): CGridView->renderTableRow()
#5 E:\phpstudy\WWW\yii\framework\zii\widgets\grid\CGridView.php(488): CGridView->renderTableBody()
#6 E:\phpstudy\WWW\yii\framework\zii\widgets\CBaseListView.php(181): CGridView->renderItems()
#7 unknown(0): CGridView->renderSection()
#8 E:\phpstudy\WWW\yii\framework\zii\widgets\CBaseListView.php(164): preg_replace_callback()
#9 E:\phpstudy\WWW\yii\framework\zii\widgets\CBaseListView.php(149): CGridView->renderContent()
#10 E:\phpstudy\WWW\yii\framework\web\CBaseController.php(181): CGridView->run()
#11 E:\phpstudy\WWW\yii\lawfirm\protected\modules\admin\views\user\admin.php(60): UserController->widget()
#12 E:\phpstudy\WWW\yii\framework\web\CBaseController.php(126): require()
#13 E:\phpstudy\WWW\yii\framework\web\CBaseController.php(95): UserController->renderInternal()
#14 E:\phpstudy\WWW\yii\framework\web\CController.php(869): UserController->renderFile()
#15 E:\phpstudy\WWW\yii\framework\web\CController.php(782): UserController->renderPartial()
#16 E:\phpstudy\WWW\yii\lawfirm\protected\modules\admin\controllers\UserController.php(144): UserController->render()
#17 E:\phpstudy\WWW\yii\framework\web\actions\CInlineAction.php(49): UserController->actionIndex()
#18 E:\phpstudy\WWW\yii\framework\web\CController.php(308): CInlineAction->runWithParams()
#19 E:\phpstudy\WWW\yii\framework\web\filters\CFilterChain.php(133): UserController->runAction()
#20 E:\phpstudy\WWW\yii\framework\web\filters\CFilter.php(40): CFilterChain->run()
#21 E:\phpstudy\WWW\yii\framework\web\CController.php(1145): CAccessControlFilter->filter()
#22 E:\phpstudy\WWW\yii\framework\web\filters\CInlineFilter.php(58): UserController->filterAccessControl()
#23 E:\phpstudy\WWW\yii\framework\web\filters\CFilterChain.php(130): CInlineFilter->filter()
#24 E:\phpstudy\WWW\yii\framework\web\CController.php(291): CFilterChain->run()
#25 E:\phpstudy\WWW\yii\framework\web\CController.php(265): UserController->runActionWithFilters()
#26 E:\phpstudy\WWW\yii\framework\web\CWebApplication.php(282): UserController->run()
#27 E:\phpstudy\WWW\yii\framework\web\CWebApplication.php(141): CWebApplication->runController()
#28 E:\phpstudy\WWW\yii\framework\base\CApplication.php(185): CWebApplication->processRequest()
#29 E:\phpstudy\WWW\yii\lawfirm\index.php(13): CWebApplication->run()
REQUEST_URI=/yii/lawfirm/index.php/admin/user/index
in E:\phpstudy\WWW\yii\lawfirm\protected\modules\admin\views\user\admin.php (60)
in E:\phpstudy\WWW\yii\lawfirm\protected\modules\admin\controllers\UserController.php (144)
in E:\phpstudy\WWW\yii\lawfirm\index.php (13)
2016/04/03 14:17:47 [error] [php] Use of undefined constant 是 - assumed '是' (E:\phpstudy\WWW\yii\framework\base\CComponent.php(612) : eval()'d code:1)
Stack trace:
#0 E:\phpstudy\WWW\yii\framework\zii\widgets\grid\CGridColumn.php(231): CDataColumn->getDataCellContent()
#1 E:\phpstudy\WWW\yii\framework\zii\widgets\grid\CGridColumn.php(154): CDataColumn->renderDataCellContent()
#2 E:\phpstudy\WWW\yii\framework\zii\widgets\grid\CGridView.php(638): CDataColumn->renderDataCell()
#3 E:\phpstudy\WWW\yii\framework\zii\widgets\grid\CGridView.php(622): CGridView->renderDataCell()
#4 E:\phpstudy\WWW\yii\framework\zii\widgets\grid\CGridView.php(578): CGridView->renderTableRow()
#5 E:\phpstudy\WWW\yii\framework\zii\widgets\grid\CGridView.php(488): CGridView->renderTableBody()
#6 E:\phpstudy\WWW\yii\framework\zii\widgets\CBaseListView.php(181): CGridView->renderItems()
#7 unknown(0): CGridView->renderSection()
#8 E:\phpstudy\WWW\yii\framework\zii\widgets\CBaseListView.php(164): preg_replace_callback()
#9 E:\phpstudy\WWW\yii\framework\zii\widgets\CBaseListView.php(149): CGridView->renderContent()
#10 E:\phpstudy\WWW\yii\framework\web\CBaseController.php(181): CGridView->run()
#11 E:\phpstudy\WWW\yii\lawfirm\protected\modules\admin\views\user\admin.php(60): UserController->widget()
#12 E:\phpstudy\WWW\yii\framework\web\CBaseController.php(126): require()
#13 E:\phpstudy\WWW\yii\framework\web\CBaseController.php(95): UserController->renderInternal()
#14 E:\phpstudy\WWW\yii\framework\web\CController.php(869): UserController->renderFile()
#15 E:\phpstudy\WWW\yii\framework\web\CController.php(782): UserController->renderPartial()
#16 E:\phpstudy\WWW\yii\lawfirm\protected\modules\admin\controllers\UserController.php(144): UserController->render()
#17 E:\phpstudy\WWW\yii\framework\web\actions\CInlineAction.php(49): UserController->actionIndex()
#18 E:\phpstudy\WWW\yii\framework\web\CController.php(308): CInlineAction->runWithParams()
#19 E:\phpstudy\WWW\yii\framework\web\filters\CFilterChain.php(133): UserController->runAction()
#20 E:\phpstudy\WWW\yii\framework\web\filters\CFilter.php(40): CFilterChain->run()
#21 E:\phpstudy\WWW\yii\framework\web\CController.php(1145): CAccessControlFilter->filter()
#22 E:\phpstudy\WWW\yii\framework\web\filters\CInlineFilter.php(58): UserController->filterAccessControl()
#23 E:\phpstudy\WWW\yii\framework\web\filters\CFilterChain.php(130): CInlineFilter->filter()
#24 E:\phpstudy\WWW\yii\framework\web\CController.php(291): CFilterChain->run()
#25 E:\phpstudy\WWW\yii\framework\web\CController.php(265): UserController->runActionWithFilters()
#26 E:\phpstudy\WWW\yii\framework\web\CWebApplication.php(282): UserController->run()
#27 E:\phpstudy\WWW\yii\framework\web\CWebApplication.php(141): CWebApplication->runController()
#28 E:\phpstudy\WWW\yii\framework\base\CApplication.php(185): CWebApplication->processRequest()
#29 E:\phpstudy\WWW\yii\lawfirm\index.php(13): CWebApplication->run()
REQUEST_URI=/yii/lawfirm/index.php/admin/user/index
in E:\phpstudy\WWW\yii\lawfirm\protected\modules\admin\views\user\admin.php (60)
in E:\phpstudy\WWW\yii\lawfirm\protected\modules\admin\controllers\UserController.php (144)
in E:\phpstudy\WWW\yii\lawfirm\index.php (13)
2016/04/03 14:53:55 [error] [php] Undefined variable: data (E:\phpstudy\WWW\yii\lawfirm\protected\modules\admin\views\user\view.php:31)
Stack trace:
#0 E:\phpstudy\WWW\yii\framework\web\CController.php(869): UserController->renderFile()
#1 E:\phpstudy\WWW\yii\framework\web\CController.php(782): UserController->renderPartial()
#2 E:\phpstudy\WWW\yii\lawfirm\protected\modules\admin\controllers\UserController.php(55): UserController->render()
#3 unknown(0): UserController->actionView()
#4 E:\phpstudy\WWW\yii\framework\web\actions\CAction.php(109): ReflectionMethod->invokeArgs()
#5 E:\phpstudy\WWW\yii\framework\web\actions\CInlineAction.php(47): CInlineAction->runWithParamsInternal()
#6 E:\phpstudy\WWW\yii\framework\web\CController.php(308): CInlineAction->runWithParams()
#7 E:\phpstudy\WWW\yii\framework\web\filters\CFilterChain.php(133): UserController->runAction()
#8 E:\phpstudy\WWW\yii\framework\web\filters\CFilter.php(40): CFilterChain->run()
#9 E:\phpstudy\WWW\yii\framework\web\CController.php(1145): CAccessControlFilter->filter()
#10 E:\phpstudy\WWW\yii\framework\web\filters\CInlineFilter.php(58): UserController->filterAccessControl()
#11 E:\phpstudy\WWW\yii\framework\web\filters\CFilterChain.php(130): CInlineFilter->filter()
#12 E:\phpstudy\WWW\yii\framework\web\CController.php(291): CFilterChain->run()
#13 E:\phpstudy\WWW\yii\framework\web\CController.php(265): UserController->runActionWithFilters()
#14 E:\phpstudy\WWW\yii\framework\web\CWebApplication.php(282): UserController->run()
#15 E:\phpstudy\WWW\yii\framework\web\CWebApplication.php(141): CWebApplication->runController()
#16 E:\phpstudy\WWW\yii\framework\base\CApplication.php(185): CWebApplication->processRequest()
#17 E:\phpstudy\WWW\yii\lawfirm\index.php(13): CWebApplication->run()
REQUEST_URI=/yii/lawfirm/index.php/admin/user/view/id/1
in E:\phpstudy\WWW\yii\lawfirm\protected\modules\admin\views\user\view.php (31)
in E:\phpstudy\WWW\yii\lawfirm\protected\modules\admin\controllers\UserController.php (55)
in E:\phpstudy\WWW\yii\lawfirm\index.php (13)
2016/04/03 14:54:47 [error] [php] Undefined variable: data (E:\phpstudy\WWW\yii\lawfirm\protected\modules\admin\views\user\view.php:31)
Stack trace:
#0 E:\phpstudy\WWW\yii\framework\web\CController.php(869): UserController->renderFile()
#1 E:\phpstudy\WWW\yii\framework\web\CController.php(782): UserController->renderPartial()
#2 E:\phpstudy\WWW\yii\lawfirm\protected\modules\admin\controllers\UserController.php(55): UserController->render()
#3 unknown(0): UserController->actionView()
#4 E:\phpstudy\WWW\yii\framework\web\actions\CAction.php(109): ReflectionMethod->invokeArgs()
#5 E:\phpstudy\WWW\yii\framework\web\actions\CInlineAction.php(47): CInlineAction->runWithParamsInternal()
#6 E:\phpstudy\WWW\yii\framework\web\CController.php(308): CInlineAction->runWithParams()
#7 E:\phpstudy\WWW\yii\framework\web\filters\CFilterChain.php(133): UserController->runAction()
#8 E:\phpstudy\WWW\yii\framework\web\filters\CFilter.php(40): CFilterChain->run()
#9 E:\phpstudy\WWW\yii\framework\web\CController.php(1145): CAccessControlFilter->filter()
#10 E:\phpstudy\WWW\yii\framework\web\filters\CInlineFilter.php(58): UserController->filterAccessControl()
#11 E:\phpstudy\WWW\yii\framework\web\filters\CFilterChain.php(130): CInlineFilter->filter()
#12 E:\phpstudy\WWW\yii\framework\web\CController.php(291): CFilterChain->run()
#13 E:\phpstudy\WWW\yii\framework\web\CController.php(265): UserController->runActionWithFilters()
#14 E:\phpstudy\WWW\yii\framework\web\CWebApplication.php(282): UserController->run()
#15 E:\phpstudy\WWW\yii\framework\web\CWebApplication.php(141): CWebApplication->runController()
#16 E:\phpstudy\WWW\yii\framework\base\CApplication.php(185): CWebApplication->processRequest()
#17 E:\phpstudy\WWW\yii\lawfirm\index.php(13): CWebApplication->run()
REQUEST_URI=/yii/lawfirm/index.php/admin/user/view/id/1
in E:\phpstudy\WWW\yii\lawfirm\protected\modules\admin\views\user\view.php (31)
in E:\phpstudy\WWW\yii\lawfirm\protected\modules\admin\controllers\UserController.php (55)
in E:\phpstudy\WWW\yii\lawfirm\index.php (13)
2016/04/03 15:30:50 [error] [exception.CHttpException.404] exception 'CHttpException' with message 'The system is unable to find the requested action "logout".' in E:\phpstudy\WWW\yii\framework\web\CController.php:483
Stack trace:
#0 E:\phpstudy\WWW\yii\framework\web\CController.php(270): CController->missingAction('logout')
#1 E:\phpstudy\WWW\yii\framework\web\CWebApplication.php(282): CController->run('logout')
#2 E:\phpstudy\WWW\yii\framework\web\CWebApplication.php(141): CWebApplication->runController('admin/user/logo...')
#3 E:\phpstudy\WWW\yii\framework\base\CApplication.php(185): CWebApplication->processRequest()
#4 E:\phpstudy\WWW\yii\lawfirm\index.php(13): CApplication->run()
#5 {main}
REQUEST_URI=/yii/lawfirm/index.php/admin/user/logout
HTTP_REFERER=http://localhost/yii/lawfirm/index.php/admin/user/update/id/1
---
2016/04/03 16:17:16 [error] [exception.CException] exception 'CException' with message 'UserController cannot find the requested view "login".' in E:\phpstudy\WWW\yii\framework\web\CController.php:878
Stack trace:
#0 E:\phpstudy\WWW\yii\framework\web\CController.php(782): CController->renderPartial('login', Array, true)
#1 E:\phpstudy\WWW\yii\lawfirm\protected\modules\admin\controllers\UserController.php(178): CController->render('login', Array)
#2 E:\phpstudy\WWW\yii\framework\web\actions\CInlineAction.php(49): UserController->actionLogin()
#3 E:\phpstudy\WWW\yii\framework\web\CController.php(308): CInlineAction->runWithParams(Array)
#4 E:\phpstudy\WWW\yii\framework\web\filters\CFilterChain.php(133): CController->runAction(Object(CInlineAction))
#5 E:\phpstudy\WWW\yii\framework\web\filters\CFilter.php(40): CFilterChain->run()
#6 E:\phpstudy\WWW\yii\framework\web\CController.php(1145): CFilter->filter(Object(CFilterChain))
#7 E:\phpstudy\WWW\yii\framework\web\filters\CInlineFilter.php(58): CController->filterAccessControl(Object(CFilterChain))
#8 E:\phpstudy\WWW\yii\framework\web\filters\CFilterChain.php(130): CInlineFilter->filter(Object(CFilterChain))
#9 E:\phpstudy\WWW\yii\framework\web\CController.php(291): CFilterChain->run()
#10 E:\phpstudy\WWW\yii\framework\web\CController.php(265): CController->runActionWithFilters(Object(CInlineAction), Array)
#11 E:\phpstudy\WWW\yii\framework\web\CWebApplication.php(282): CController->run('login')
#12 E:\phpstudy\WWW\yii\framework\web\CWebApplication.php(141): CWebApplication->runController('admin/user/logi...')
#13 E:\phpstudy\WWW\yii\framework\base\CApplication.php(185): CWebApplication->processRequest()
#14 E:\phpstudy\WWW\yii\lawfirm\index.php(13): CApplication->run()
#15 {main}
REQUEST_URI=/yii/lawfirm/index.php/admin/user/login
HTTP_REFERER=http://localhost/yii/lawfirm/index.php/admin/user/update/id/1
---
2016/04/03 16:17:52 [error] [exception.CException] exception 'CException' with message 'UserController cannot find the requested view "login".' in E:\phpstudy\WWW\yii\framework\web\CController.php:878
Stack trace:
#0 E:\phpstudy\WWW\yii\framework\web\CController.php(782): CController->renderPartial('login', Array, true)
#1 E:\phpstudy\WWW\yii\lawfirm\protected\modules\admin\controllers\UserController.php(178): CController->render('login', Array)
#2 E:\phpstudy\WWW\yii\framework\web\actions\CInlineAction.php(49): UserController->actionLogin()
#3 E:\phpstudy\WWW\yii\framework\web\CController.php(308): CInlineAction->runWithParams(Array)
#4 E:\phpstudy\WWW\yii\framework\web\filters\CFilterChain.php(133): CController->runAction(Object(CInlineAction))
#5 E:\phpstudy\WWW\yii\framework\web\filters\CFilter.php(40): CFilterChain->run()
#6 E:\phpstudy\WWW\yii\framework\web\CController.php(1145): CFilter->filter(Object(CFilterChain))
#7 E:\phpstudy\WWW\yii\framework\web\filters\CInlineFilter.php(58): CController->filterAccessControl(Object(CFilterChain))
#8 E:\phpstudy\WWW\yii\framework\web\filters\CFilterChain.php(130): CInlineFilter->filter(Object(CFilterChain))
#9 E:\phpstudy\WWW\yii\framework\web\CController.php(291): CFilterChain->run()
#10 E:\phpstudy\WWW\yii\framework\web\CController.php(265): CController->runActionWithFilters(Object(CInlineAction), Array)
#11 E:\phpstudy\WWW\yii\framework\web\CWebApplication.php(282): CController->run('login')
#12 E:\phpstudy\WWW\yii\framework\web\CWebApplication.php(141): CWebApplication->runController('admin/user/logi...')
#13 E:\phpstudy\WWW\yii\framework\base\CApplication.php(185): CWebApplication->processRequest()
#14 E:\phpstudy\WWW\yii\lawfirm\index.php(13): CApplication->run()
#15 {main}
REQUEST_URI=/yii/lawfirm/index.php/admin/user/login
HTTP_REFERER=http://localhost/yii/lawfirm/index.php/admin/user/update/id/1
---
2016/04/03 16:20:08 [error] [exception.CException] exception 'CException' with message 'UserController cannot find the requested view "login".' in E:\phpstudy\WWW\yii\framework\web\CController.php:878
Stack trace:
#0 E:\phpstudy\WWW\yii\framework\web\CController.php(782): CController->renderPartial('login', Array, true)
#1 E:\phpstudy\WWW\yii\lawfirm\protected\modules\admin\controllers\UserController.php(178): CController->render('login', Array)
#2 E:\phpstudy\WWW\yii\framework\web\actions\CInlineAction.php(49): UserController->actionLogin()
#3 E:\phpstudy\WWW\yii\framework\web\CController.php(308): CInlineAction->runWithParams(Array)
#4 E:\phpstudy\WWW\yii\framework\web\filters\CFilterChain.php(133): CController->runAction(Object(CInlineAction))
#5 E:\phpstudy\WWW\yii\framework\web\filters\CFilter.php(40): CFilterChain->run()
#6 E:\phpstudy\WWW\yii\framework\web\CController.php(1145): CFilter->filter(Object(CFilterChain))
#7 E:\phpstudy\WWW\yii\framework\web\filters\CInlineFilter.php(58): CController->filterAccessControl(Object(CFilterChain))
#8 E:\phpstudy\WWW\yii\framework\web\filters\CFilterChain.php(130): CInlineFilter->filter(Object(CFilterChain))
#9 E:\phpstudy\WWW\yii\framework\web\CController.php(291): CFilterChain->run()
#10 E:\phpstudy\WWW\yii\framework\web\CController.php(265): CController->runActionWithFilters(Object(CInlineAction), Array)
#11 E:\phpstudy\WWW\yii\framework\web\CWebApplication.php(282): CController->run('login')
#12 E:\phpstudy\WWW\yii\framework\web\CWebApplication.php(141): CWebApplication->runController('admin/user/logi...')
#13 E:\phpstudy\WWW\yii\framework\base\CApplication.php(185): CWebApplication->processRequest()
#14 E:\phpstudy\WWW\yii\lawfirm\index.php(13): CApplication->run()
#15 {main}
REQUEST_URI=/yii/lawfirm/index.php/admin/user/login
HTTP_REFERER=http://localhost/yii/lawfirm/index.php/admin/user/update/id/1
---
2016/04/03 16:20:15 [error] [exception.CHttpException.404] exception 'CHttpException' with message 'Unable to resolve the request "login".' in E:\phpstudy\WWW\yii\framework\web\CWebApplication.php:286
Stack trace:
#0 E:\phpstudy\WWW\yii\framework\web\CWebApplication.php(141): CWebApplication->runController('login')
#1 E:\phpstudy\WWW\yii\framework\base\CApplication.php(185): CWebApplication->processRequest()
#2 E:\phpstudy\WWW\yii\lawfirm\index.php(13): CApplication->run()
#3 {main}
REQUEST_URI=/yii/lawfirm/login
---
2016/04/03 16:36:15 [warning] [application] Failed to set unsafe attribute "rememberMe" of "User".
in E:\phpstudy\WWW\yii\lawfirm\protected\modules\admin\controllers\UserController.php (166)
in E:\phpstudy\WWW\yii\lawfirm\index.php (13)
2016/04/03 16:36:15 [error] [exception.CException] exception 'CException' with message 'Property "User.rememberMe" is not defined.' in E:\phpstudy\WWW\yii\framework\base\CComponent.php:130
Stack trace:
#0 E:\phpstudy\WWW\yii\framework\db\ar\CActiveRecord.php(145): CComponent->__get('rememberMe')
#1 E:\phpstudy\WWW\yii\framework\web\helpers\CHtml.php(2729): CActiveRecord->__get('rememberMe')
#2 E:\phpstudy\WWW\yii\framework\web\helpers\CHtml.php(1923): CHtml::resolveValue(Object(User), 'rememberMe')
#3 E:\phpstudy\WWW\yii\framework\web\widgets\CActiveForm.php(898): CHtml::activeCheckBox(Object(User), 'rememberMe', Array)
#4 E:\phpstudy\WWW\yii\lawfirm\protected\modules\admin\views\user\login.php(43): CActiveForm->checkBox(Object(User), 'rememberMe')
#5 E:\phpstudy\WWW\yii\framework\web\CBaseController.php(126): require('E:\\phpstudy\\WWW...')
#6 E:\phpstudy\WWW\yii\framework\web\CBaseController.php(95): CBaseController->renderInternal('E:\\phpstudy\\WWW...', Array, true)
#7 E:\phpstudy\WWW\yii\framework\web\CController.php(869): CBaseController->renderFile('E:\\phpstudy\\WWW...', Array, true)
#8 E:\phpstudy\WWW\yii\framework\web\CController.php(782): CController->renderPartial('login', Array, true)
#9 E:\phpstudy\WWW\yii\lawfirm\protected\modules\admin\controllers\UserController.php(172): CController->render('login', Array)
#10 E:\phpstudy\WWW\yii\framework\web\actions\CInlineAction.php(49): UserController->actionLogin()
#11 E:\phpstudy\WWW\yii\framework\web\CController.php(308): CInlineAction->runWithParams(Array)
#12 E:\phpstudy\WWW\yii\framework\web\filters\CFilterChain.php(133): CController->runAction(Object(CInlineAction))
#13 E:\phpstudy\WWW\yii\framework\web\filters\CFilter.php(40): CFilterChain->run()
#14 E:\phpstudy\WWW\yii\framework\web\CController.php(1145): CFilter->filter(Object(CFilterChain))
#15 E:\phpstudy\WWW\yii\framework\web\filters\CInlineFilter.php(58): CController->filterAccessControl(Object(CFilterChain))
#16 E:\phpstudy\WWW\yii\framework\web\filters\CFilterChain.php(130): CInlineFilter->filter(Object(CFilterChain))
#17 E:\phpstudy\WWW\yii\framework\web\CController.php(291): CFilterChain->run()
#18 E:\phpstudy\WWW\yii\framework\web\CController.php(265): CController->runActionWithFilters(Object(CInlineAction), Array)
#19 E:\phpstudy\WWW\yii\framework\web\CWebApplication.php(282): CController->run('login')
#20 E:\phpstudy\WWW\yii\framework\web\CWebApplication.php(141): CWebApplication->runController('admin/user/logi...')
#21 E:\phpstudy\WWW\yii\framework\base\CApplication.php(185): CWebApplication->processRequest()
#22 E:\phpstudy\WWW\yii\lawfirm\index.php(13): CApplication->run()
#23 {main}
REQUEST_URI=/yii/lawfirm/index.php/admin/user/login
HTTP_REFERER=http://localhost/yii/lawfirm/index.php/admin/user/login
---
2016/04/03 16:36:25 [error] [exception.CException] exception 'CException' with message 'Property "User.rememberMe" is not defined.' in E:\phpstudy\WWW\yii\framework\base\CComponent.php:130
Stack trace:
#0 E:\phpstudy\WWW\yii\framework\db\ar\CActiveRecord.php(145): CComponent->__get('rememberMe')
#1 E:\phpstudy\WWW\yii\framework\web\helpers\CHtml.php(2729): CActiveRecord->__get('rememberMe')
#2 E:\phpstudy\WWW\yii\framework\web\helpers\CHtml.php(1923): CHtml::resolveValue(Object(User), 'rememberMe')
#3 E:\phpstudy\WWW\yii\framework\web\widgets\CActiveForm.php(898): CHtml::activeCheckBox(Object(User), 'rememberMe', Array)
#4 E:\phpstudy\WWW\yii\lawfirm\protected\modules\admin\views\user\login.php(43): CActiveForm->checkBox(Object(User), 'rememberMe')
#5 E:\phpstudy\WWW\yii\framework\web\CBaseController.php(126): require('E:\\phpstudy\\WWW...')
#6 E:\phpstudy\WWW\yii\framework\web\CBaseController.php(95): CBaseController->renderInternal('E:\\phpstudy\\WWW...', Array, true)
#7 E:\phpstudy\WWW\yii\framework\web\CController.php(869): CBaseController->renderFile('E:\\phpstudy\\WWW...', Array, true)
#8 E:\phpstudy\WWW\yii\framework\web\CController.php(782): CController->renderPartial('login', Array, true)
#9 E:\phpstudy\WWW\yii\lawfirm\protected\modules\admin\controllers\UserController.php(172): CController->render('login', Array)
#10 E:\phpstudy\WWW\yii\framework\web\actions\CInlineAction.php(49): UserController->actionLogin()
#11 E:\phpstudy\WWW\yii\framework\web\CController.php(308): CInlineAction->runWithParams(Array)
#12 E:\phpstudy\WWW\yii\framework\web\filters\CFilterChain.php(133): CController->runAction(Object(CInlineAction))
#13 E:\phpstudy\WWW\yii\framework\web\filters\CFilter.php(40): CFilterChain->run()
#14 E:\phpstudy\WWW\yii\framework\web\CController.php(1145): CFilter->filter(Object(CFilterChain))
#15 E:\phpstudy\WWW\yii\framework\web\filters\CInlineFilter.php(58): CController->filterAccessControl(Object(CFilterChain))
#16 E:\phpstudy\WWW\yii\framework\web\filters\CFilterChain.php(130): CInlineFilter->filter(Object(CFilterChain))
#17 E:\phpstudy\WWW\yii\framework\web\CController.php(291): CFilterChain->run()
#18 E:\phpstudy\WWW\yii\framework\web\CController.php(265): CController->runActionWithFilters(Object(CInlineAction), Array)
#19 E:\phpstudy\WWW\yii\framework\web\CWebApplication.php(282): CController->run('login')
#20 E:\phpstudy\WWW\yii\framework\web\CWebApplication.php(141): CWebApplication->runController('admin/user/logi...')
#21 E:\phpstudy\WWW\yii\framework\base\CApplication.php(185): CWebApplication->processRequest()
#22 E:\phpstudy\WWW\yii\lawfirm\index.php(13): CApplication->run()
#23 {main}
REQUEST_URI=/yii/lawfirm/index.php/admin/user/login
---
2016/04/03 16:37:07 [error] [php] Undefined variable: model (E:\phpstudy\WWW\yii\lawfirm\protected\modules\admin\controllers\UserController.php:169)
Stack trace:
#0 E:\phpstudy\WWW\yii\framework\web\filters\CFilterChain.php(133): UserController->runAction()
#1 E:\phpstudy\WWW\yii\framework\web\filters\CFilter.php(40): CFilterChain->run()
#2 E:\phpstudy\WWW\yii\framework\web\CController.php(1145): CAccessControlFilter->filter()
#3 E:\phpstudy\WWW\yii\framework\web\filters\CInlineFilter.php(58): UserController->filterAccessControl()
#4 E:\phpstudy\WWW\yii\framework\web\filters\CFilterChain.php(130): CInlineFilter->filter()
#5 E:\phpstudy\WWW\yii\framework\web\CController.php(291): CFilterChain->run()
#6 E:\phpstudy\WWW\yii\framework\web\CController.php(265): UserController->runActionWithFilters()
#7 E:\phpstudy\WWW\yii\framework\web\CWebApplication.php(282): UserController->run()
#8 E:\phpstudy\WWW\yii\framework\web\CWebApplication.php(141): CWebApplication->runController()
#9 E:\phpstudy\WWW\yii\framework\base\CApplication.php(185): CWebApplication->processRequest()
#10 E:\phpstudy\WWW\yii\lawfirm\index.php(13): CWebApplication->run()
REQUEST_URI=/yii/lawfirm/index.php/admin/user/login
in E:\phpstudy\WWW\yii\lawfirm\protected\modules\admin\controllers\UserController.php (169)
in E:\phpstudy\WWW\yii\lawfirm\index.php (13)
2016/04/03 16:37:15 [error] [exception.CException] exception 'CException' with message 'Property "User.rememberMe" is not defined.' in E:\phpstudy\WWW\yii\framework\base\CComponent.php:130
Stack trace:
#0 E:\phpstudy\WWW\yii\framework\db\ar\CActiveRecord.php(145): CComponent->__get('rememberMe')
#1 E:\phpstudy\WWW\yii\framework\web\helpers\CHtml.php(2729): CActiveRecord->__get('rememberMe')
#2 E:\phpstudy\WWW\yii\framework\web\helpers\CHtml.php(1923): CHtml::resolveValue(Object(User), 'rememberMe')
#3 E:\phpstudy\WWW\yii\framework\web\widgets\CActiveForm.php(898): CHtml::activeCheckBox(Object(User), 'rememberMe', Array)
#4 E:\phpstudy\WWW\yii\lawfirm\protected\modules\admin\views\user\login.php(43): CActiveForm->checkBox(Object(User), 'rememberMe')
#5 E:\phpstudy\WWW\yii\framework\web\CBaseController.php(126): require('E:\\phpstudy\\WWW...')
#6 E:\phpstudy\WWW\yii\framework\web\CBaseController.php(95): CBaseController->renderInternal('E:\\phpstudy\\WWW...', Array, true)
#7 E:\phpstudy\WWW\yii\framework\web\CController.php(869): CBaseController->renderFile('E:\\phpstudy\\WWW...', Array, true)
#8 E:\phpstudy\WWW\yii\framework\web\CController.php(782): CController->renderPartial('login', Array, true)
#9 E:\phpstudy\WWW\yii\lawfirm\protected\modules\admin\controllers\UserController.php(169): CController->render('login', Array)
#10 E:\phpstudy\WWW\yii\framework\web\actions\CInlineAction.php(49): UserController->actionLogin()
#11 E:\phpstudy\WWW\yii\framework\web\CController.php(308): CInlineAction->runWithParams(Array)
#12 E:\phpstudy\WWW\yii\framework\web\filters\CFilterChain.php(133): CController->runAction(Object(CInlineAction))
#13 E:\phpstudy\WWW\yii\framework\web\filters\CFilter.php(40): CFilterChain->run()
#14 E:\phpstudy\WWW\yii\framework\web\CController.php(1145): CFilter->filter(Object(CFilterChain))
#15 E:\phpstudy\WWW\yii\framework\web\filters\CInlineFilter.php(58): CController->filterAccessControl(Object(CFilterChain))
#16 E:\phpstudy\WWW\yii\framework\web\filters\CFilterChain.php(130): CInlineFilter->filter(Object(CFilterChain))
#17 E:\phpstudy\WWW\yii\framework\web\CController.php(291): CFilterChain->run()
#18 E:\phpstudy\WWW\yii\framework\web\CController.php(265): CController->runActionWithFilters(Object(CInlineAction), Array)
#19 E:\phpstudy\WWW\yii\framework\web\CWebApplication.php(282): CController->run('login')
#20 E:\phpstudy\WWW\yii\framework\web\CWebApplication.php(141): CWebApplication->runController('admin/user/logi...')
#21 E:\phpstudy\WWW\yii\framework\base\CApplication.php(185): CWebApplication->processRequest()
#22 E:\phpstudy\WWW\yii\lawfirm\index.php(13): CApplication->run()
#23 {main}
REQUEST_URI=/yii/lawfirm/index.php/admin/user/login
---
2016/04/03 16:38:49 [error] [php] Undefined index: LoginForm (E:\phpstudy\WWW\yii\lawfirm\protected\modules\admin\controllers\UserController.php:166)
Stack trace:
#0 E:\phpstudy\WWW\yii\framework\web\filters\CFilterChain.php(133): UserController->runAction()
#1 E:\phpstudy\WWW\yii\framework\web\filters\CFilter.php(40): CFilterChain->run()
#2 E:\phpstudy\WWW\yii\framework\web\CController.php(1145): CAccessControlFilter->filter()
#3 E:\phpstudy\WWW\yii\framework\web\filters\CInlineFilter.php(58): UserController->filterAccessControl()
#4 E:\phpstudy\WWW\yii\framework\web\filters\CFilterChain.php(130): CInlineFilter->filter()
#5 E:\phpstudy\WWW\yii\framework\web\CController.php(291): CFilterChain->run()
#6 E:\phpstudy\WWW\yii\framework\web\CController.php(265): UserController->runActionWithFilters()
#7 E:\phpstudy\WWW\yii\framework\web\CWebApplication.php(282): UserController->run()
#8 E:\phpstudy\WWW\yii\framework\web\CWebApplication.php(141): CWebApplication->runController()
#9 E:\phpstudy\WWW\yii\framework\base\CApplication.php(185): CWebApplication->processRequest()
#10 E:\phpstudy\WWW\yii\lawfirm\index.php(13): CWebApplication->run()
REQUEST_URI=/yii/lawfirm/index.php/admin/user/login
in E:\phpstudy\WWW\yii\lawfirm\protected\modules\admin\controllers\UserController.php (166)
in E:\phpstudy\WWW\yii\lawfirm\index.php (13)
2016/04/03 16:45:55 [error] [php] Missing argument 2 for CUserIdentity::__construct(), called in E:\phpstudy\WWW\yii\lawfirm\protected\modules\admin\controllers\UserController.php on line 192 and defined (E:\phpstudy\WWW\yii\framework\web\auth\CUserIdentity.php:43)
Stack trace:
#0 E:\phpstudy\WWW\yii\lawfirm\protected\modules\admin\controllers\UserController.php(166): UserController->_innerLogin()
#1 E:\phpstudy\WWW\yii\framework\web\actions\CInlineAction.php(49): UserController->actionLogin()
#2 E:\phpstudy\WWW\yii\framework\web\CController.php(308): CInlineAction->runWithParams()
#3 E:\phpstudy\WWW\yii\framework\web\filters\CFilterChain.php(133): UserController->runAction()
#4 E:\phpstudy\WWW\yii\framework\web\filters\CFilter.php(40): CFilterChain->run()
#5 E:\phpstudy\WWW\yii\framework\web\CController.php(1145): CAccessControlFilter->filter()
#6 E:\phpstudy\WWW\yii\framework\web\filters\CInlineFilter.php(58): UserController->filterAccessControl()
#7 E:\phpstudy\WWW\yii\framework\web\filters\CFilterChain.php(130): CInlineFilter->filter()
#8 E:\phpstudy\WWW\yii\framework\web\CController.php(291): CFilterChain->run()
#9 E:\phpstudy\WWW\yii\framework\web\CController.php(265): UserController->runActionWithFilters()
#10 E:\phpstudy\WWW\yii\framework\web\CWebApplication.php(282): UserController->run()
#11 E:\phpstudy\WWW\yii\framework\web\CWebApplication.php(141): CWebApplication->runController()
#12 E:\phpstudy\WWW\yii\framework\base\CApplication.php(185): CWebApplication->processRequest()
#13 E:\phpstudy\WWW\yii\lawfirm\index.php(13): CWebApplication->run()
REQUEST_URI=/yii/lawfirm/index.php/admin/user/login
in E:\phpstudy\WWW\yii\lawfirm\protected\modules\admin\controllers\UserController.php (192)
in E:\phpstudy\WWW\yii\lawfirm\protected\modules\admin\controllers\UserController.php (187)
in E:\phpstudy\WWW\yii\lawfirm\protected\modules\admin\controllers\UserController.php (166)
2016/04/03 16:46:30 [error] [php] Missing argument 1 for CWebUser::login(), called in E:\phpstudy\WWW\yii\lawfirm\protected\modules\admin\controllers\UserController.php on line 187 and defined (E:\phpstudy\WWW\yii\framework\web\auth\CWebUser.php:227)
Stack trace:
#0 E:\phpstudy\WWW\yii\framework\web\actions\CInlineAction.php(49): UserController->actionLogin()
#1 E:\phpstudy\WWW\yii\framework\web\CController.php(308): CInlineAction->runWithParams()
#2 E:\phpstudy\WWW\yii\framework\web\filters\CFilterChain.php(133): UserController->runAction()
#3 E:\phpstudy\WWW\yii\framework\web\filters\CFilter.php(40): CFilterChain->run()
#4 E:\phpstudy\WWW\yii\framework\web\CController.php(1145): CAccessControlFilter->filter()
#5 E:\phpstudy\WWW\yii\framework\web\filters\CInlineFilter.php(58): UserController->filterAccessControl()
#6 E:\phpstudy\WWW\yii\framework\web\filters\CFilterChain.php(130): CInlineFilter->filter()
#7 E:\phpstudy\WWW\yii\framework\web\CController.php(291): CFilterChain->run()
#8 E:\phpstudy\WWW\yii\framework\web\CController.php(265): UserController->runActionWithFilters()
#9 E:\phpstudy\WWW\yii\framework\web\CWebApplication.php(282): UserController->run()
#10 E:\phpstudy\WWW\yii\framework\web\CWebApplication.php(141): CWebApplication->runController()
#11 E:\phpstudy\WWW\yii\framework\base\CApplication.php(185): CWebApplication->processRequest()
#12 E:\phpstudy\WWW\yii\lawfirm\index.php(13): CWebApplication->run()
REQUEST_URI=/yii/lawfirm/index.php/admin/user/login
in E:\phpstudy\WWW\yii\lawfirm\protected\modules\admin\controllers\UserController.php (187)
in E:\phpstudy\WWW\yii\lawfirm\protected\modules\admin\controllers\UserController.php (166)
in E:\phpstudy\WWW\yii\lawfirm\index.php (13)
2016/04/03 16:46:51 [error] [php] Missing argument 2 for CUserIdentity::__construct(), called in E:\phpstudy\WWW\yii\lawfirm\protected\modules\admin\controllers\UserController.php on line 192 and defined (E:\phpstudy\WWW\yii\framework\web\auth\CUserIdentity.php:43)
Stack trace:
#0 E:\phpstudy\WWW\yii\lawfirm\protected\modules\admin\controllers\UserController.php(166): UserController->_innerLogin()
#1 E:\phpstudy\WWW\yii\framework\web\actions\CInlineAction.php(49): UserController->actionLogin()
#2 E:\phpstudy\WWW\yii\framework\web\CController.php(308): CInlineAction->runWithParams()
#3 E:\phpstudy\WWW\yii\framework\web\filters\CFilterChain.php(133): UserController->runAction()
#4 E:\phpstudy\WWW\yii\framework\web\filters\CFilter.php(40): CFilterChain->run()
#5 E:\phpstudy\WWW\yii\framework\web\CController.php(1145): CAccessControlFilter->filter()
#6 E:\phpstudy\WWW\yii\framework\web\filters\CInlineFilter.php(58): UserController->filterAccessControl()
#7 E:\phpstudy\WWW\yii\framework\web\filters\CFilterChain.php(130): CInlineFilter->filter()
#8 E:\phpstudy\WWW\yii\framework\web\CController.php(291): CFilterChain->run()
#9 E:\phpstudy\WWW\yii\framework\web\CController.php(265): UserController->runActionWithFilters()
#10 E:\phpstudy\WWW\yii\framework\web\CWebApplication.php(282): UserController->run()
#11 E:\phpstudy\WWW\yii\framework\web\CWebApplication.php(141): CWebApplication->runController()
#12 E:\phpstudy\WWW\yii\framework\base\CApplication.php(185): CWebApplication->processRequest()
#13 E:\phpstudy\WWW\yii\lawfirm\index.php(13): CWebApplication->run()
REQUEST_URI=/yii/lawfirm/index.php/admin/user/login
in E:\phpstudy\WWW\yii\lawfirm\protected\modules\admin\controllers\UserController.php (192)
in E:\phpstudy\WWW\yii\lawfirm\protected\modules\admin\controllers\UserController.php (187)
in E:\phpstudy\WWW\yii\lawfirm\protected\modules\admin\controllers\UserController.php (166)
2016/04/03 16:48:28 [error] [php] Missing argument 2 for CUserIdentity::__construct(), called in E:\phpstudy\WWW\yii\lawfirm\protected\modules\admin\controllers\UserController.php on line 192 and defined (E:\phpstudy\WWW\yii\framework\web\auth\CUserIdentity.php:43)
Stack trace:
#0 E:\phpstudy\WWW\yii\lawfirm\protected\modules\admin\controllers\UserController.php(166): UserController->_innerLogin()
#1 E:\phpstudy\WWW\yii\framework\web\actions\CInlineAction.php(49): UserController->actionLogin()
#2 E:\phpstudy\WWW\yii\framework\web\CController.php(308): CInlineAction->runWithParams()
#3 E:\phpstudy\WWW\yii\framework\web\filters\CFilterChain.php(133): UserController->runAction()
#4 E:\phpstudy\WWW\yii\framework\web\filters\CFilter.php(40): CFilterChain->run()
#5 E:\phpstudy\WWW\yii\framework\web\CController.php(1145): CAccessControlFilter->filter()
#6 E:\phpstudy\WWW\yii\framework\web\filters\CInlineFilter.php(58): UserController->filterAccessControl()
#7 E:\phpstudy\WWW\yii\framework\web\filters\CFilterChain.php(130): CInlineFilter->filter()
#8 E:\phpstudy\WWW\yii\framework\web\CController.php(291): CFilterChain->run()
#9 E:\phpstudy\WWW\yii\framework\web\CController.php(265): UserController->runActionWithFilters()
#10 E:\phpstudy\WWW\yii\framework\web\CWebApplication.php(282): UserController->run()
#11 E:\phpstudy\WWW\yii\framework\web\CWebApplication.php(141): CWebApplication->runController()
#12 E:\phpstudy\WWW\yii\framework\base\CApplication.php(185): CWebApplication->processRequest()
#13 E:\phpstudy\WWW\yii\lawfirm\index.php(13): CWebApplication->run()
REQUEST_URI=/yii/lawfirm/index.php/admin/user/login
in E:\phpstudy\WWW\yii\lawfirm\protected\modules\admin\controllers\UserController.php (192)
in E:\phpstudy\WWW\yii\lawfirm\protected\modules\admin\controllers\UserController.php (187)
in E:\phpstudy\WWW\yii\lawfirm\protected\modules\admin\controllers\UserController.php (166)
2016/04/10 14:43:05 [error] [exception.CHttpException.404] exception 'CHttpException' with message 'Unable to resolve the request "modulesite/login".' in E:\phpstudy\WWW\yii\framework\web\CWebApplication.php:286
Stack trace:
#0 E:\phpstudy\WWW\yii\framework\web\CWebApplication.php(141): CWebApplication->runController('modulesite/logi...')
#1 E:\phpstudy\WWW\yii\framework\base\CApplication.php(185): CWebApplication->processRequest()
#2 E:\phpstudy\WWW\yii\lawfirm\index.php(13): CApplication->run()
#3 {main}
REQUEST_URI=/yii/lawfirm/modulesite/login
---
2016/04/10 14:43:11 [error] [exception.CHttpException.404] exception 'CHttpException' with message 'Unable to resolve the request "admin/site/login".' in E:\phpstudy\WWW\yii\framework\web\CWebApplication.php:286
Stack trace:
#0 E:\phpstudy\WWW\yii\framework\web\CWebApplication.php(141): CWebApplication->runController('admin/site/logi...')
#1 E:\phpstudy\WWW\yii\framework\base\CApplication.php(185): CWebApplication->processRequest()
#2 E:\phpstudy\WWW\yii\lawfirm\index.php(13): CApplication->run()
#3 {main}
REQUEST_URI=/yii/lawfirm/admin/site/login
---
2016/04/10 14:43:29 [error] [exception.CHttpException.404] exception 'CHttpException' with message 'Unable to resolve the request "admin/site/login".' in E:\phpstudy\WWW\yii\framework\web\CWebApplication.php:286
Stack trace:
#0 E:\phpstudy\WWW\yii\framework\web\CWebApplication.php(141): CWebApplication->runController('admin/site/logi...')
#1 E:\phpstudy\WWW\yii\framework\base\CApplication.php(185): CWebApplication->processRequest()
#2 E:\phpstudy\WWW\yii\lawfirm\index.php(13): CApplication->run()
#3 {main}
REQUEST_URI=/yii/lawfirm/index.php/admin/site/login
---
